[debug] [2025-11-14T00:26:08.653Z] ----------------------------------------------------------------------
[debug] [2025-11-14T00:26:08.654Z] Command:       /usr/local/bin/node /Users/peti/.npm-global/bin/firebase emulators:start
[debug] [2025-11-14T00:26:08.655Z] CLI Version:   14.24.2
[debug] [2025-11-14T00:26:08.655Z] Platform:      darwin
[debug] [2025-11-14T00:26:08.655Z] Node Version:  v24.11.0
[debug] [2025-11-14T00:26:08.655Z] Time:          Thu Nov 13 2025 19:26:08 GMT-0500 (Eastern Standard Time)
[debug] [2025-11-14T00:26:08.655Z] ----------------------------------------------------------------------
[debug] 
[debug] [2025-11-14T00:26:08.721Z] > command requires scopes: ["email","openid","https://www.googleapis.com/auth/cloudplatformprojects.readonly","https://www.googleapis.com/auth/firebase","https://www.googleapis.com/auth/cloud-platform"]
[debug] [2025-11-14T00:26:08.721Z] > authorizing via signed-in user (hpeti@mac.com)
[debug] [2025-11-14T00:26:08.757Z] openjdk version "11.0.29" 2025-10-21

[debug] [2025-11-14T00:26:08.757Z] OpenJDK Runtime Environment Homebrew (build 11.0.29+0)
OpenJDK 64-Bit Server VM Homebrew (build 11.0.29+0, mixed mode)

[debug] [2025-11-14T00:26:08.759Z] Parsed Java major version: 11
[warn] ⬢  emulators: firebase-tools will drop support for Java version < 21 soon in firebase-tools@15. Please install a JDK at version 21 or above to get a compatible runtime. 
[info] i  emulators: Starting emulators: auth, firestore, storage {"metadata":{"emulator":{"name":"hub"},"message":"Starting emulators: auth, firestore, storage"}}
[info] i  emulators: Detected demo project ID "demo-no-project", emulated services will use a demo configuration and attempts to access non-emulated services for this project will fail. {"metadata":{"emulator":{"name":"hub"},"message":"Detected demo project ID \"demo-no-project\", emulated services will use a demo configuration and attempts to access non-emulated services for this project will fail."}}
[debug] [2025-11-14T00:26:09.097Z] [logging] Logging Emulator only supports listening on one address (127.0.0.1). Not listening on ::1
[debug] [2025-11-14T00:26:09.097Z] [auth] Authentication Emulator only supports listening on one address (127.0.0.1). Not listening on ::1
[debug] [2025-11-14T00:26:09.097Z] [firestore] Firestore Emulator only supports listening on one address (127.0.0.1). Not listening on ::1
[debug] [2025-11-14T00:26:09.097Z] [firestore.websocket] websocket server for firestore only supports listening on one address (127.0.0.1). Not listening on ::1
[debug] [2025-11-14T00:26:09.097Z] [storage] Storage Emulator only supports listening on one address (127.0.0.1). Not listening on ::1
[debug] [2025-11-14T00:26:09.097Z] assigned listening specs for emulators {"user":{"hub":[{"address":"127.0.0.1","family":"IPv4","port":4400},{"address":"::1","family":"IPv6","port":4400}],"ui":[{"address":"127.0.0.1","family":"IPv4","port":4000},{"address":"::1","family":"IPv6","port":4000}],"logging":[{"address":"127.0.0.1","family":"IPv4","port":4500}],"auth":[{"address":"127.0.0.1","family":"IPv4","port":9099}],"firestore":[{"address":"127.0.0.1","family":"IPv4","port":8080}],"firestore.websocket":[{"address":"127.0.0.1","family":"IPv4","port":9150}],"storage":[{"address":"127.0.0.1","family":"IPv4","port":9199}]},"metadata":{"message":"assigned listening specs for emulators"}}
[debug] [2025-11-14T00:26:09.099Z] Emulator locator file path: /var/folders/98/0_z2zv_d3c5b4y38cm3vgt0r0000gn/T/hub-demo-no-project.json
[debug] [2025-11-14T00:26:09.099Z] [hub] writing locator at /var/folders/98/0_z2zv_d3c5b4y38cm3vgt0r0000gn/T/hub-demo-no-project.json
[debug] [2025-11-14T00:26:09.101Z] Ignoring unsupported arg: auto_download {"metadata":{"emulator":{"name":"firestore"},"message":"Ignoring unsupported arg: auto_download"}}
[debug] [2025-11-14T00:26:09.101Z] Ignoring unsupported arg: single_project_mode_error {"metadata":{"emulator":{"name":"firestore"},"message":"Ignoring unsupported arg: single_project_mode_error"}}
[debug] [2025-11-14T00:26:09.101Z] Starting Firestore Emulator with command {"binary":"java","args":["-Dgoogle.cloud_firestore.debug_log_level=FINE","-Duser.language=en","-jar","/Users/peti/.cache/firebase/emulators/cloud-firestore-emulator-v1.19.8.jar","--host","127.0.0.1","--port",8080,"--websocket_port",9150,"--project_id","demo-no-project","--rules","/Users/peti/Documents/GitHub/MedLearn-Unified/firestore.rules","--single_project_mode",true],"optionalArgs":["port","webchannel_port","host","rules","websocket_port","functions_emulator","seed_from_export","project_id","single_project_mode"],"joinArgs":false,"shell":false,"port":8080} {"metadata":{"emulator":{"name":"firestore"},"message":"Starting Firestore Emulator with command {\"binary\":\"java\",\"args\":[\"-Dgoogle.cloud_firestore.debug_log_level=FINE\",\"-Duser.language=en\",\"-jar\",\"/Users/peti/.cache/firebase/emulators/cloud-firestore-emulator-v1.19.8.jar\",\"--host\",\"127.0.0.1\",\"--port\",8080,\"--websocket_port\",9150,\"--project_id\",\"demo-no-project\",\"--rules\",\"/Users/peti/Documents/GitHub/MedLearn-Unified/firestore.rules\",\"--single_project_mode\",true],\"optionalArgs\":[\"port\",\"webchannel_port\",\"host\",\"rules\",\"websocket_port\",\"functions_emulator\",\"seed_from_export\",\"project_id\",\"single_project_mode\"],\"joinArgs\":false,\"shell\":false,\"port\":8080}"}}
[info] i  firestore: Firestore Emulator logging to firestore-debug.log {"metadata":{"emulator":{"name":"firestore"},"message":"Firestore Emulator logging to \u001b[1mfirestore-debug.log\u001b[22m"}}
[debug] [2025-11-14T00:26:09.640Z] Nov 13, 2025 7:26:09 PM com.google.cloud.datastore.emulator.firestore.websocket.WebSocketServer start
INFO: Started WebSocket server on ws://127.0.0.1:9150
 {"metadata":{"emulator":{"name":"firestore"},"message":"Nov 13, 2025 7:26:09 PM com.google.cloud.datastore.emulator.firestore.websocket.WebSocketServer start\nINFO: Started WebSocket server on ws://127.0.0.1:9150\n"}}
[debug] [2025-11-14T00:26:09.650Z] API endpoint: http:// {"metadata":{"emulator":{"name":"firestore"},"message":"API endpoint: http://"}}
[debug] [2025-11-14T00:26:09.650Z] 127.0.0.1:8080
If you are using a library that supports the FIRESTORE_EMULATOR_HOST environment variable, run:

   export FIRESTORE_EMULATOR_HOST=127.0.0.1:8080

If you are running a Firestore in Datastore Mode project, run:

   export DATASTORE_EMULATOR_HOST=127.0.0.1:8080

Note: Support for Datastore Mode is in preview. If you encounter any bugs please file at https://github.com/firebase/firebase-tools/issues.
Dev App Server is now running.

 {"metadata":{"emulator":{"name":"firestore"},"message":"127.0.0.1:8080\nIf you are using a library that supports the FIRESTORE_EMULATOR_HOST environment variable, run:\n\n   export FIRESTORE_EMULATOR_HOST=127.0.0.1:8080\n\nIf you are running a Firestore in Datastore Mode project, run:\n\n   export DATASTORE_EMULATOR_HOST=127.0.0.1:8080\n\nNote: Support for Datastore Mode is in preview. If you encounter any bugs please file at https://github.com/firebase/firebase-tools/issues.\nDev App Server is now running.\n\n"}}
[info] ✔  firestore: Firestore Emulator UI websocket is running on 9150. {"metadata":{"emulator":{"name":"firestore"},"message":"Firestore Emulator UI websocket is running on 9150."}}
[debug] [2025-11-14T00:26:11.434Z] Ignoring unsupported arg: port {"metadata":{"emulator":{"name":"storage"},"message":"Ignoring unsupported arg: port"}}
[debug] [2025-11-14T00:26:11.800Z] Temp file directory for storage emulator: /var/folders/98/0_z2zv_d3c5b4y38cm3vgt0r0000gn/T/firebase/storage/blobs {"metadata":{"emulator":{"name":"storage"},"message":"Temp file directory for storage emulator: /var/folders/98/0_z2zv_d3c5b4y38cm3vgt0r0000gn/T/firebase/storage/blobs"}}
[info] i  ui: downloading ui-v1.15.0.zip... {"metadata":{"emulator":{"name":"ui"},"message":"downloading ui-v1.15.0.zip..."}}
[debug] [2025-11-14T00:26:11.803Z] >>> [apiv2][query] GET https://storage.googleapis.com/firebase-preview-drop/emulator/ui-v1.15.0.zip 
[debug] [2025-11-14T00:26:12.065Z] <<< [apiv2][status] GET https://storage.googleapis.com/firebase-preview-drop/emulator/ui-v1.15.0.zip 200
[debug] [2025-11-14T00:26:12.066Z] <<< [apiv2][body] GET https://storage.googleapis.com/firebase-preview-drop/emulator/ui-v1.15.0.zip [stream]
[debug] [2025-11-14T00:26:12.676Z] Data is 3538469
[debug] [2025-11-14T00:26:12.676Z] [unzip] Entry: client/ (compressed_size=0 bytes, uncompressed_size=0 bytes)
[debug] [2025-11-14T00:26:12.676Z] [unzip] Processing entry: client/
[debug] [2025-11-14T00:26:12.676Z] [unzip] mkdir: /Users/peti/.cache/firebase/emulators/ui-v1.15.0/client/
[debug] [2025-11-14T00:26:12.676Z] [unzip] Entry: client/favicon-16x16.png (compressed_size=293 bytes, uncompressed_size=293 bytes)
[debug] [2025-11-14T00:26:12.677Z] [unzip] Processing entry: client/favicon-16x16.png
[debug] [2025-11-14T00:26:12.677Z] [unzip] else mkdir: /Users/peti/.cache/firebase/emulators/ui-v1.15.0/client
[debug] [2025-11-14T00:26:12.677Z] [unzip] Writing file: /Users/peti/.cache/firebase/emulators/ui-v1.15.0/client/favicon-16x16.png
[debug] [2025-11-14T00:26:12.677Z] [unzip] Entry: client/safari-pinned-tab.svg (compressed_size=1433 bytes, uncompressed_size=2611 bytes)
[debug] [2025-11-14T00:26:12.677Z] [unzip] Processing entry: client/safari-pinned-tab.svg
[debug] [2025-11-14T00:26:12.677Z] [unzip] else mkdir: /Users/peti/.cache/firebase/emulators/ui-v1.15.0/client
[debug] [2025-11-14T00:26:12.677Z] [unzip] deflating: /Users/peti/.cache/firebase/emulators/ui-v1.15.0/client/safari-pinned-tab.svg
[debug] [2025-11-14T00:26:12.679Z] [unzip] Entry: client/favicon.ico (compressed_size=2933 bytes, uncompressed_size=13294 bytes)
[debug] [2025-11-14T00:26:12.679Z] [unzip] Processing entry: client/favicon.ico
[debug] [2025-11-14T00:26:12.679Z] [unzip] else mkdir: /Users/peti/.cache/firebase/emulators/ui-v1.15.0/client
[debug] [2025-11-14T00:26:12.679Z] [unzip] deflating: /Users/peti/.cache/firebase/emulators/ui-v1.15.0/client/favicon.ico
[debug] [2025-11-14T00:26:12.680Z] [unzip] Entry: client/index.html (compressed_size=1364 bytes, uncompressed_size=3071 bytes)
[debug] [2025-11-14T00:26:12.680Z] [unzip] Processing entry: client/index.html
[debug] [2025-11-14T00:26:12.680Z] [unzip] else mkdir: /Users/peti/.cache/firebase/emulators/ui-v1.15.0/client
[debug] [2025-11-14T00:26:12.680Z] [unzip] deflating: /Users/peti/.cache/firebase/emulators/ui-v1.15.0/client/index.html
[debug] [2025-11-14T00:26:12.681Z] [unzip] Entry: client/android-chrome-192x192.png (compressed_size=2684 bytes, uncompressed_size=2684 bytes)
[debug] [2025-11-14T00:26:12.681Z] [unzip] Processing entry: client/android-chrome-192x192.png
[debug] [2025-11-14T00:26:12.681Z] [unzip] else mkdir: /Users/peti/.cache/firebase/emulators/ui-v1.15.0/client
[debug] [2025-11-14T00:26:12.681Z] [unzip] Writing file: /Users/peti/.cache/firebase/emulators/ui-v1.15.0/client/android-chrome-192x192.png
[debug] [2025-11-14T00:26:12.681Z] [unzip] Entry: client/apple-touch-icon.png (compressed_size=2123 bytes, uncompressed_size=2152 bytes)
[debug] [2025-11-14T00:26:12.681Z] [unzip] Processing entry: client/apple-touch-icon.png
[debug] [2025-11-14T00:26:12.681Z] [unzip] else mkdir: /Users/peti/.cache/firebase/emulators/ui-v1.15.0/client
[debug] [2025-11-14T00:26:12.681Z] [unzip] deflating: /Users/peti/.cache/firebase/emulators/ui-v1.15.0/client/apple-touch-icon.png
[debug] [2025-11-14T00:26:12.681Z] [unzip] Entry: client/android-chrome-512x512.png (compressed_size=5369 bytes, uncompressed_size=5411 bytes)
[debug] [2025-11-14T00:26:12.681Z] [unzip] Processing entry: client/android-chrome-512x512.png
[debug] [2025-11-14T00:26:12.681Z] [unzip] else mkdir: /Users/peti/.cache/firebase/emulators/ui-v1.15.0/client
[debug] [2025-11-14T00:26:12.681Z] [unzip] deflating: /Users/peti/.cache/firebase/emulators/ui-v1.15.0/client/android-chrome-512x512.png
[debug] [2025-11-14T00:26:12.682Z] [unzip] Entry: client/manifest.json (compressed_size=245 bytes, uncompressed_size=551 bytes)
[debug] [2025-11-14T00:26:12.682Z] [unzip] Processing entry: client/manifest.json
[debug] [2025-11-14T00:26:12.682Z] [unzip] else mkdir: /Users/peti/.cache/firebase/emulators/ui-v1.15.0/client
[debug] [2025-11-14T00:26:12.682Z] [unzip] deflating: /Users/peti/.cache/firebase/emulators/ui-v1.15.0/client/manifest.json
[debug] [2025-11-14T00:26:12.682Z] [unzip] Entry: client/robots.txt (compressed_size=26 bytes, uncompressed_size=26 bytes)
[debug] [2025-11-14T00:26:12.682Z] [unzip] Processing entry: client/robots.txt
[debug] [2025-11-14T00:26:12.682Z] [unzip] else mkdir: /Users/peti/.cache/firebase/emulators/ui-v1.15.0/client
[debug] [2025-11-14T00:26:12.682Z] [unzip] Writing file: /Users/peti/.cache/firebase/emulators/ui-v1.15.0/client/robots.txt
[debug] [2025-11-14T00:26:12.682Z] [unzip] Entry: client/mstile-150x150.png (compressed_size=2034 bytes, uncompressed_size=2034 bytes)
[debug] [2025-11-14T00:26:12.682Z] [unzip] Processing entry: client/mstile-150x150.png
[debug] [2025-11-14T00:26:12.682Z] [unzip] else mkdir: /Users/peti/.cache/firebase/emulators/ui-v1.15.0/client
[debug] [2025-11-14T00:26:12.682Z] [unzip] Writing file: /Users/peti/.cache/firebase/emulators/ui-v1.15.0/client/mstile-150x150.png
[debug] [2025-11-14T00:26:12.682Z] [unzip] Entry: client/assets/ (compressed_size=0 bytes, uncompressed_size=0 bytes)
[debug] [2025-11-14T00:26:12.682Z] [unzip] Processing entry: client/assets/
[debug] [2025-11-14T00:26:12.682Z] [unzip] mkdir: /Users/peti/.cache/firebase/emulators/ui-v1.15.0/client/assets/
[debug] [2025-11-14T00:26:12.683Z] [unzip] Entry: client/assets/index-BX-A56oj.js (compressed_size=582089 bytes, uncompressed_size=2092775 bytes)
[debug] [2025-11-14T00:26:12.683Z] [unzip] Processing entry: client/assets/index-BX-A56oj.js
[debug] [2025-11-14T00:26:12.683Z] [unzip] else mkdir: /Users/peti/.cache/firebase/emulators/ui-v1.15.0/client/assets
[debug] [2025-11-14T00:26:12.683Z] [unzip] deflating: /Users/peti/.cache/firebase/emulators/ui-v1.15.0/client/assets/index-BX-A56oj.js
[debug] [2025-11-14T00:26:12.691Z] [unzip] Entry: client/assets/index-CjB9C900.css (compressed_size=35979 bytes, uncompressed_size=298654 bytes)
[debug] [2025-11-14T00:26:12.692Z] [unzip] Processing entry: client/assets/index-CjB9C900.css
[debug] [2025-11-14T00:26:12.692Z] [unzip] else mkdir: /Users/peti/.cache/firebase/emulators/ui-v1.15.0/client/assets
[debug] [2025-11-14T00:26:12.692Z] [unzip] deflating: /Users/peti/.cache/firebase/emulators/ui-v1.15.0/client/assets/index-CjB9C900.css
[debug] [2025-11-14T00:26:12.693Z] [unzip] Entry: client/assets/index-BX-A56oj.js.map (compressed_size=2362482 bytes, uncompressed_size=10036679 bytes)
[debug] [2025-11-14T00:26:12.693Z] [unzip] Processing entry: client/assets/index-BX-A56oj.js.map
[debug] [2025-11-14T00:26:12.693Z] [unzip] else mkdir: /Users/peti/.cache/firebase/emulators/ui-v1.15.0/client/assets
[debug] [2025-11-14T00:26:12.693Z] [unzip] deflating: /Users/peti/.cache/firebase/emulators/ui-v1.15.0/client/assets/index-BX-A56oj.js.map
[debug] [2025-11-14T00:26:12.719Z] [unzip] Entry: client/assets/extensions/ (compressed_size=0 bytes, uncompressed_size=0 bytes)
[debug] [2025-11-14T00:26:12.719Z] [unzip] Processing entry: client/assets/extensions/
[debug] [2025-11-14T00:26:12.719Z] [unzip] mkdir: /Users/peti/.cache/firebase/emulators/ui-v1.15.0/client/assets/extensions/
[debug] [2025-11-14T00:26:12.719Z] [unzip] Entry: client/assets/extensions/default-extension.png (compressed_size=1646 bytes, uncompressed_size=1657 bytes)
[debug] [2025-11-14T00:26:12.719Z] [unzip] Processing entry: client/assets/extensions/default-extension.png
[debug] [2025-11-14T00:26:12.719Z] [unzip] else mkdir: /Users/peti/.cache/firebase/emulators/ui-v1.15.0/client/assets/extensions
[debug] [2025-11-14T00:26:12.719Z] [unzip] deflating: /Users/peti/.cache/firebase/emulators/ui-v1.15.0/client/assets/extensions/default-extension.png
[debug] [2025-11-14T00:26:12.720Z] [unzip] Entry: client/assets/img/ (compressed_size=0 bytes, uncompressed_size=0 bytes)
[debug] [2025-11-14T00:26:12.720Z] [unzip] Processing entry: client/assets/img/
[debug] [2025-11-14T00:26:12.720Z] [unzip] mkdir: /Users/peti/.cache/firebase/emulators/ui-v1.15.0/client/assets/img/
[debug] [2025-11-14T00:26:12.720Z] [unzip] Entry: client/assets/img/database.png (compressed_size=29449 bytes, uncompressed_size=29988 bytes)
[debug] [2025-11-14T00:26:12.720Z] [unzip] Processing entry: client/assets/img/database.png
[debug] [2025-11-14T00:26:12.720Z] [unzip] else mkdir: /Users/peti/.cache/firebase/emulators/ui-v1.15.0/client/assets/img
[debug] [2025-11-14T00:26:12.720Z] [unzip] deflating: /Users/peti/.cache/firebase/emulators/ui-v1.15.0/client/assets/img/database.png
[debug] [2025-11-14T00:26:12.721Z] [unzip] Entry: client/assets/provider-icons/ (compressed_size=0 bytes, uncompressed_size=0 bytes)
[debug] [2025-11-14T00:26:12.721Z] [unzip] Processing entry: client/assets/provider-icons/
[debug] [2025-11-14T00:26:12.721Z] [unzip] mkdir: /Users/peti/.cache/firebase/emulators/ui-v1.15.0/client/assets/provider-icons/
[debug] [2025-11-14T00:26:12.721Z] [unzip] Entry: client/assets/provider-icons/auth_service_saml.svg (compressed_size=575 bytes, uncompressed_size=1226 bytes)
[debug] [2025-11-14T00:26:12.721Z] [unzip] Processing entry: client/assets/provider-icons/auth_service_saml.svg
[debug] [2025-11-14T00:26:12.721Z] [unzip] else mkdir: /Users/peti/.cache/firebase/emulators/ui-v1.15.0/client/assets/provider-icons
[debug] [2025-11-14T00:26:12.721Z] [unzip] deflating: /Users/peti/.cache/firebase/emulators/ui-v1.15.0/client/assets/provider-icons/auth_service_saml.svg
[debug] [2025-11-14T00:26:12.721Z] [unzip] Entry: client/assets/provider-icons/auth_service_phone.svg (compressed_size=261 bytes, uncompressed_size=414 bytes)
[debug] [2025-11-14T00:26:12.721Z] [unzip] Processing entry: client/assets/provider-icons/auth_service_phone.svg
[debug] [2025-11-14T00:26:12.721Z] [unzip] else mkdir: /Users/peti/.cache/firebase/emulators/ui-v1.15.0/client/assets/provider-icons
[debug] [2025-11-14T00:26:12.721Z] [unzip] deflating: /Users/peti/.cache/firebase/emulators/ui-v1.15.0/client/assets/provider-icons/auth_service_phone.svg
[debug] [2025-11-14T00:26:12.722Z] [unzip] Entry: client/assets/provider-icons/auth_service_facebook.svg (compressed_size=289 bytes, uncompressed_size=457 bytes)
[debug] [2025-11-14T00:26:12.722Z] [unzip] Processing entry: client/assets/provider-icons/auth_service_facebook.svg
[debug] [2025-11-14T00:26:12.722Z] [unzip] else mkdir: /Users/peti/.cache/firebase/emulators/ui-v1.15.0/client/assets/provider-icons
[debug] [2025-11-14T00:26:12.722Z] [unzip] deflating: /Users/peti/.cache/firebase/emulators/ui-v1.15.0/client/assets/provider-icons/auth_service_facebook.svg
[debug] [2025-11-14T00:26:12.722Z] [unzip] Entry: client/assets/provider-icons/auth_service_game_center.svg (compressed_size=991 bytes, uncompressed_size=3921 bytes)
[debug] [2025-11-14T00:26:12.722Z] [unzip] Processing entry: client/assets/provider-icons/auth_service_game_center.svg
[debug] [2025-11-14T00:26:12.722Z] [unzip] else mkdir: /Users/peti/.cache/firebase/emulators/ui-v1.15.0/client/assets/provider-icons
[debug] [2025-11-14T00:26:12.722Z] [unzip] deflating: /Users/peti/.cache/firebase/emulators/ui-v1.15.0/client/assets/provider-icons/auth_service_game_center.svg
[debug] [2025-11-14T00:26:12.722Z] [unzip] Entry: client/assets/provider-icons/auth_service_apple.svg (compressed_size=230 bytes, uncompressed_size=334 bytes)
[debug] [2025-11-14T00:26:12.722Z] [unzip] Processing entry: client/assets/provider-icons/auth_service_apple.svg
[debug] [2025-11-14T00:26:12.722Z] [unzip] else mkdir: /Users/peti/.cache/firebase/emulators/ui-v1.15.0/client/assets/provider-icons
[debug] [2025-11-14T00:26:12.722Z] [unzip] deflating: /Users/peti/.cache/firebase/emulators/ui-v1.15.0/client/assets/provider-icons/auth_service_apple.svg
[debug] [2025-11-14T00:26:12.723Z] [unzip] Entry: client/assets/provider-icons/auth_service_github.svg (compressed_size=466 bytes, uncompressed_size=838 bytes)
[debug] [2025-11-14T00:26:12.723Z] [unzip] Processing entry: client/assets/provider-icons/auth_service_github.svg
[debug] [2025-11-14T00:26:12.723Z] [unzip] else mkdir: /Users/peti/.cache/firebase/emulators/ui-v1.15.0/client/assets/provider-icons
[debug] [2025-11-14T00:26:12.723Z] [unzip] deflating: /Users/peti/.cache/firebase/emulators/ui-v1.15.0/client/assets/provider-icons/auth_service_github.svg
[debug] [2025-11-14T00:26:12.723Z] [unzip] Entry: client/assets/provider-icons/auth_service_mslive.svg (compressed_size=203 bytes, uncompressed_size=378 bytes)
[debug] [2025-11-14T00:26:12.723Z] [unzip] Processing entry: client/assets/provider-icons/auth_service_mslive.svg
[debug] [2025-11-14T00:26:12.723Z] [unzip] else mkdir: /Users/peti/.cache/firebase/emulators/ui-v1.15.0/client/assets/provider-icons
[debug] [2025-11-14T00:26:12.723Z] [unzip] deflating: /Users/peti/.cache/firebase/emulators/ui-v1.15.0/client/assets/provider-icons/auth_service_mslive.svg
[debug] [2025-11-14T00:26:12.723Z] [unzip] Entry: client/assets/provider-icons/auth_service_yahoo.svg (compressed_size=577 bytes, uncompressed_size=1182 bytes)
[debug] [2025-11-14T00:26:12.723Z] [unzip] Processing entry: client/assets/provider-icons/auth_service_yahoo.svg
[debug] [2025-11-14T00:26:12.723Z] [unzip] else mkdir: /Users/peti/.cache/firebase/emulators/ui-v1.15.0/client/assets/provider-icons
[debug] [2025-11-14T00:26:12.723Z] [unzip] deflating: /Users/peti/.cache/firebase/emulators/ui-v1.15.0/client/assets/provider-icons/auth_service_yahoo.svg
[debug] [2025-11-14T00:26:12.723Z] [unzip] Entry: client/assets/provider-icons/auth_service_twitter.svg (compressed_size=444 bytes, uncompressed_size=751 bytes)
[debug] [2025-11-14T00:26:12.723Z] [unzip] Processing entry: client/assets/provider-icons/auth_service_twitter.svg
[debug] [2025-11-14T00:26:12.723Z] [unzip] else mkdir: /Users/peti/.cache/firebase/emulators/ui-v1.15.0/client/assets/provider-icons
[debug] [2025-11-14T00:26:12.723Z] [unzip] deflating: /Users/peti/.cache/firebase/emulators/ui-v1.15.0/client/assets/provider-icons/auth_service_twitter.svg
[debug] [2025-11-14T00:26:12.724Z] [unzip] Entry: client/assets/provider-icons/auth_service_play_games.svg (compressed_size=565 bytes, uncompressed_size=1173 bytes)
[debug] [2025-11-14T00:26:12.724Z] [unzip] Processing entry: client/assets/provider-icons/auth_service_play_games.svg
[debug] [2025-11-14T00:26:12.724Z] [unzip] else mkdir: /Users/peti/.cache/firebase/emulators/ui-v1.15.0/client/assets/provider-icons
[debug] [2025-11-14T00:26:12.724Z] [unzip] deflating: /Users/peti/.cache/firebase/emulators/ui-v1.15.0/client/assets/provider-icons/auth_service_play_games.svg
[debug] [2025-11-14T00:26:12.724Z] [unzip] Entry: client/assets/provider-icons/auth_service_email.svg (compressed_size=228 bytes, uncompressed_size=326 bytes)
[debug] [2025-11-14T00:26:12.724Z] [unzip] Processing entry: client/assets/provider-icons/auth_service_email.svg
[debug] [2025-11-14T00:26:12.724Z] [unzip] else mkdir: /Users/peti/.cache/firebase/emulators/ui-v1.15.0/client/assets/provider-icons
[debug] [2025-11-14T00:26:12.724Z] [unzip] deflating: /Users/peti/.cache/firebase/emulators/ui-v1.15.0/client/assets/provider-icons/auth_service_email.svg
[debug] [2025-11-14T00:26:12.724Z] [unzip] Entry: client/assets/provider-icons/auth_service_google.svg (compressed_size=409 bytes, uncompressed_size=720 bytes)
[debug] [2025-11-14T00:26:12.724Z] [unzip] Processing entry: client/assets/provider-icons/auth_service_google.svg
[debug] [2025-11-14T00:26:12.724Z] [unzip] else mkdir: /Users/peti/.cache/firebase/emulators/ui-v1.15.0/client/assets/provider-icons
[debug] [2025-11-14T00:26:12.724Z] [unzip] deflating: /Users/peti/.cache/firebase/emulators/ui-v1.15.0/client/assets/provider-icons/auth_service_google.svg
[debug] [2025-11-14T00:26:12.724Z] [unzip] Entry: client/assets/provider-icons/auth_service_oidc.svg (compressed_size=414 bytes, uncompressed_size=858 bytes)
[debug] [2025-11-14T00:26:12.725Z] [unzip] Processing entry: client/assets/provider-icons/auth_service_oidc.svg
[debug] [2025-11-14T00:26:12.725Z] [unzip] else mkdir: /Users/peti/.cache/firebase/emulators/ui-v1.15.0/client/assets/provider-icons
[debug] [2025-11-14T00:26:12.725Z] [unzip] deflating: /Users/peti/.cache/firebase/emulators/ui-v1.15.0/client/assets/provider-icons/auth_service_oidc.svg
[debug] [2025-11-14T00:26:12.725Z] [unzip] Entry: client/browserconfig.xml (compressed_size=491 bytes, uncompressed_size=822 bytes)
[debug] [2025-11-14T00:26:12.725Z] [unzip] Processing entry: client/browserconfig.xml
[debug] [2025-11-14T00:26:12.725Z] [unzip] else mkdir: /Users/peti/.cache/firebase/emulators/ui-v1.15.0/client
[debug] [2025-11-14T00:26:12.725Z] [unzip] deflating: /Users/peti/.cache/firebase/emulators/ui-v1.15.0/client/browserconfig.xml
[debug] [2025-11-14T00:26:12.725Z] [unzip] Entry: client/favicon-32x32.png (compressed_size=475 bytes, uncompressed_size=475 bytes)
[debug] [2025-11-14T00:26:12.725Z] [unzip] Processing entry: client/favicon-32x32.png
[debug] [2025-11-14T00:26:12.725Z] [unzip] else mkdir: /Users/peti/.cache/firebase/emulators/ui-v1.15.0/client
[debug] [2025-11-14T00:26:12.725Z] [unzip] Writing file: /Users/peti/.cache/firebase/emulators/ui-v1.15.0/client/favicon-32x32.png
[debug] [2025-11-14T00:26:12.725Z] [unzip] Entry: server/ (compressed_size=0 bytes, uncompressed_size=0 bytes)
[debug] [2025-11-14T00:26:12.725Z] [unzip] Processing entry: server/
[debug] [2025-11-14T00:26:12.725Z] [unzip] mkdir: /Users/peti/.cache/firebase/emulators/ui-v1.15.0/server/
[debug] [2025-11-14T00:26:12.725Z] [unzip] Entry: server/server.mjs.map (compressed_size=217845 bytes, uncompressed_size=944978 bytes)
[debug] [2025-11-14T00:26:12.725Z] [unzip] Processing entry: server/server.mjs.map
[debug] [2025-11-14T00:26:12.725Z] [unzip] else mkdir: /Users/peti/.cache/firebase/emulators/ui-v1.15.0/server
[debug] [2025-11-14T00:26:12.725Z] [unzip] deflating: /Users/peti/.cache/firebase/emulators/ui-v1.15.0/server/server.mjs.map
[debug] [2025-11-14T00:26:12.728Z] [unzip] Entry: server/server.mjs (compressed_size=276407 bytes, uncompressed_size=933701 bytes)
[debug] [2025-11-14T00:26:12.728Z] [unzip] Processing entry: server/server.mjs
[debug] [2025-11-14T00:26:12.728Z] [unzip] else mkdir: /Users/peti/.cache/firebase/emulators/ui-v1.15.0/server
[debug] [2025-11-14T00:26:12.728Z] [unzip] deflating: /Users/peti/.cache/firebase/emulators/ui-v1.15.0/server/server.mjs
[debug] [2025-11-14T00:26:12.734Z] Could not find VSCode notification endpoint: FetchError: request to http://localhost:40001/vscode/notify failed, reason: . If you are not running the Firebase Data Connect VSCode extension, this is expected and not an issue.
[info] 
┌─────────────────────────────────────────────────────────────┐
│ ✔  All emulators ready! It is now safe to connect your app. │
│ i  View Emulator UI at http://127.0.0.1:4000/               │
└─────────────────────────────────────────────────────────────┘

┌────────────────┬────────────────┬─────────────────────────────────┐
│ Emulator       │ Host:Port      │ View in Emulator UI             │
├────────────────┼────────────────┼─────────────────────────────────┤
│ Authentication │ 127.0.0.1:9099 │ http://127.0.0.1:4000/auth      │
├────────────────┼────────────────┼─────────────────────────────────┤
│ Firestore      │ 127.0.0.1:8080 │ http://127.0.0.1:4000/firestore │
├────────────────┼────────────────┼─────────────────────────────────┤
│ Storage        │ 127.0.0.1:9199 │ http://127.0.0.1:4000/storage   │
└────────────────┴────────────────┴─────────────────────────────────┘
  Emulator Hub host: 127.0.0.1 port: 4400
  Other reserved ports: 4500, 9150

Issues? Report them at https://github.com/firebase/firebase-tools/issues and attach the *-debug.log files.
 
[warn] ⚠  emulators: firebase-tools will drop support for Java version < 21 soon in firebase-tools@15. Please install a JDK at version 21 or above to get a compatible runtime. 
[debug] [2025-11-14T00:30:17.405Z] Nov 13, 2025 7:30:17 PM io.gapi.emulators.netty.HttpVersionRoutingHandler channelRead
INFO: Detected non-HTTP/2 connection.
 {"metadata":{"emulator":{"name":"firestore"},"message":"Nov 13, 2025 7:30:17 PM io.gapi.emulators.netty.HttpVersionRoutingHandler channelRead\nINFO: Detected non-HTTP/2 connection.\n"}}
[debug] [2025-11-14T00:30:17.536Z] Multiple projectIds are not recommended in single project mode. Requested project ID medlearn-dev, but the emulator is configured for demo-no-project. To opt-out of single project mode add/set the '"singleProjectMode": false' property in the firebase.json emulators config.
 {"metadata":{"emulator":{"name":"firestore"},"message":"Multiple projectIds are not recommended in single project mode. Requested project ID medlearn-dev, but the emulator is configured for demo-no-project. To opt-out of single project mode add/set the '\"singleProjectMode\": false' property in the firebase.json emulators config.\n"}}
[debug] [2025-11-14T00:30:17.993Z] Nov 13, 2025 7:30:17 PM io.gapi.emulators.netty.HttpVersionRoutingHandler channelRead
INFO: Detected non-HTTP/2 connection.
 {"metadata":{"emulator":{"name":"firestore"},"message":"Nov 13, 2025 7:30:17 PM io.gapi.emulators.netty.HttpVersionRoutingHandler channelRead\nINFO: Detected non-HTTP/2 connection.\n"}}
[debug] [2025-11-14T00:30:18.017Z] Nov 13, 2025 7:30:18 PM io.gapi.emulators.netty.HttpVersionRoutingHandler channelRead
INFO: Detected non-HTTP/2 connection.
 {"metadata":{"emulator":{"name":"firestore"},"message":"Nov 13, 2025 7:30:18 PM io.gapi.emulators.netty.HttpVersionRoutingHandler channelRead\nINFO: Detected non-HTTP/2 connection.\n"}}
[debug] [2025-11-14T00:30:18.017Z] Nov 13, 2025 7:30:18 PM io.gapi.emulators.netty.HttpVersionRoutingHandler channelRead
INFO: Detected non-HTTP/2 connection.
 {"metadata":{"emulator":{"name":"firestore"},"message":"Nov 13, 2025 7:30:18 PM io.gapi.emulators.netty.HttpVersionRoutingHandler channelRead\nINFO: Detected non-HTTP/2 connection.\n"}}
[debug] [2025-11-14T00:30:18.023Z] Multiple projectIds are not recommended in single project mode. Requested project ID medlearn-dev, but the emulator is configured for demo-no-project. To opt-out of single project mode add/set the '"singleProjectMode": false' property in the firebase.json emulators config. {"metadata":{"emulator":{"name":"firestore"},"message":"Multiple projectIds are not recommended in single project mode. Requested project ID medlearn-dev, but the emulator is configured for demo-no-project. To opt-out of single project mode add/set the '\"singleProjectMode\": false' property in the firebase.json emulators config."}}
[debug] [2025-11-14T00:30:18.023Z] 
 {"metadata":{"emulator":{"name":"firestore"},"message":"\n"}}
[debug] [2025-11-14T00:30:18.034Z] Nov 13, 2025 7:30:18 PM io.gapi.emulators.netty.HttpVersionRoutingHandler channelRead
INFO: Detected non-HTTP/2 connection.
 {"metadata":{"emulator":{"name":"firestore"},"message":"Nov 13, 2025 7:30:18 PM io.gapi.emulators.netty.HttpVersionRoutingHandler channelRead\nINFO: Detected non-HTTP/2 connection.\n"}}
[debug] [2025-11-14T00:30:18.040Z] Nov 13, 2025 7:30:18 PM io.gapi.emulators.netty.HttpVersionRoutingHandler channelRead
INFO: Detected non-HTTP/2 connection.
 {"metadata":{"emulator":{"name":"firestore"},"message":"Nov 13, 2025 7:30:18 PM io.gapi.emulators.netty.HttpVersionRoutingHandler channelRead\nINFO: Detected non-HTTP/2 connection.\n"}}
[debug] [2025-11-14T00:31:03.108Z] Nov 13, 2025 7:31:03 PM io.gapi.emulators.netty.HttpVersionRoutingHandler channelRead
INFO: Detected non-HTTP/2 connection.
 {"metadata":{"emulator":{"name":"firestore"},"message":"Nov 13, 2025 7:31:03 PM io.gapi.emulators.netty.HttpVersionRoutingHandler channelRead\nINFO: Detected non-HTTP/2 connection.\n"}}
[debug] [2025-11-14T00:31:03.108Z] Nov 13, 2025 7:31:03 PM io.gapi.emulators.netty.HttpVersionRoutingHandler channelRead
INFO: Detected non-HTTP/2 connection.
 {"metadata":{"emulator":{"name":"firestore"},"message":"Nov 13, 2025 7:31:03 PM io.gapi.emulators.netty.HttpVersionRoutingHandler channelRead\nINFO: Detected non-HTTP/2 connection.\n"}}
[debug] [2025-11-14T00:31:03.116Z] Nov 13, 2025 7:31:03 PM com.google.cloud.datastore.emulator.firestore.webchannel.FirestoreV1WebChannelAdapter$FirestoreListenHandler onClose
INFO: channel closed
 {"metadata":{"emulator":{"name":"firestore"},"message":"Nov 13, 2025 7:31:03 PM com.google.cloud.datastore.emulator.firestore.webchannel.FirestoreV1WebChannelAdapter$FirestoreListenHandler onClose\nINFO: channel closed\n"}}
[debug] [2025-11-14T00:31:03.119Z] Nov 13, 2025 7:31:03 PM com.google.cloud.datastore.emulator.firestore.webchannel.FirestoreV1WebChannelAdapter$FirestoreWriteHandler onClose
INFO: channel closed
 {"metadata":{"emulator":{"name":"firestore"},"message":"Nov 13, 2025 7:31:03 PM com.google.cloud.datastore.emulator.firestore.webchannel.FirestoreV1WebChannelAdapter$FirestoreWriteHandler onClose\nINFO: channel closed\n"}}
[debug] [2025-11-14T00:39:38.435Z] Nov 13, 2025 7:39:38 PM io.gapi.emulators.netty.HttpVersionRoutingHandler channelRead
INFO: Detected non-HTTP/2 connection.
 {"metadata":{"emulator":{"name":"firestore"},"message":"Nov 13, 2025 7:39:38 PM io.gapi.emulators.netty.HttpVersionRoutingHandler channelRead\nINFO: Detected non-HTTP/2 connection.\n"}}
[debug] [2025-11-14T00:39:38.443Z] Multiple projectIds are not recommended in single project mode. Requested project ID medlearn-dev, but the emulator is configured for demo-no-project. To opt-out of single project mode add/set the '"singleProjectMode": false' property in the firebase.json emulators config.
 {"metadata":{"emulator":{"name":"firestore"},"message":"Multiple projectIds are not recommended in single project mode. Requested project ID medlearn-dev, but the emulator is configured for demo-no-project. To opt-out of single project mode add/set the '\"singleProjectMode\": false' property in the firebase.json emulators config.\n"}}
[debug] [2025-11-14T00:39:38.470Z] Nov 13, 2025 7:39:38 PM io.gapi.emulators.netty.HttpVersionRoutingHandler channelRead
INFO: Detected non-HTTP/2 connection.
 {"metadata":{"emulator":{"name":"firestore"},"message":"Nov 13, 2025 7:39:38 PM io.gapi.emulators.netty.HttpVersionRoutingHandler channelRead\nINFO: Detected non-HTTP/2 connection.\n"}}
[debug] [2025-11-14T00:39:38.506Z] Nov 13, 2025 7:39:38 PM io.gapi.emulators.netty.HttpVersionRoutingHandler channelRead
INFO: Detected non-HTTP/2 connection.
 {"metadata":{"emulator":{"name":"firestore"},"message":"Nov 13, 2025 7:39:38 PM io.gapi.emulators.netty.HttpVersionRoutingHandler channelRead\nINFO: Detected non-HTTP/2 connection.\n"}}
[debug] [2025-11-14T00:39:38.513Z] Nov 13, 2025 7:39:38 PM io.gapi.emulators.netty.HttpVersionRoutingHandler channelRead
INFO: Detected non-HTTP/2 connection.
 {"metadata":{"emulator":{"name":"firestore"},"message":"Nov 13, 2025 7:39:38 PM io.gapi.emulators.netty.HttpVersionRoutingHandler channelRead\nINFO: Detected non-HTTP/2 connection.\n"}}
[debug] [2025-11-14T00:39:38.517Z] Multiple projectIds are not recommended in single project mode. Requested project ID medlearn-dev, but the emulator is configured for demo-no-project. To opt-out of single project mode add/set the '"singleProjectMode": false' property in the firebase.json emulators config.
 {"metadata":{"emulator":{"name":"firestore"},"message":"Multiple projectIds are not recommended in single project mode. Requested project ID medlearn-dev, but the emulator is configured for demo-no-project. To opt-out of single project mode add/set the '\"singleProjectMode\": false' property in the firebase.json emulators config.\n"}}
[debug] [2025-11-14T00:39:38.524Z] Nov 13, 2025 7:39:38 PM io.gapi.emulators.netty.HttpVersionRoutingHandler channelRead
INFO: Detected non-HTTP/2 connection.
 {"metadata":{"emulator":{"name":"firestore"},"message":"Nov 13, 2025 7:39:38 PM io.gapi.emulators.netty.HttpVersionRoutingHandler channelRead\nINFO: Detected non-HTTP/2 connection.\n"}}
[debug] [2025-11-14T00:39:38.537Z] Nov 13, 2025 7:39:38 PM io.gapi.emulators.netty.HttpVersionRoutingHandler channelRead
INFO: Detected non-HTTP/2 connection.
 {"metadata":{"emulator":{"name":"firestore"},"message":"Nov 13, 2025 7:39:38 PM io.gapi.emulators.netty.HttpVersionRoutingHandler channelRead\nINFO: Detected non-HTTP/2 connection.\n"}}
[debug] [2025-11-14T00:40:23.674Z] Nov 13, 2025 7:40:23 PM io.gapi.emulators.netty.HttpVersionRoutingHandler channelRead
INFO: Detected non-HTTP/2 connection.
 {"metadata":{"emulator":{"name":"firestore"},"message":"Nov 13, 2025 7:40:23 PM io.gapi.emulators.netty.HttpVersionRoutingHandler channelRead\nINFO: Detected non-HTTP/2 connection.\n"}}
[debug] [2025-11-14T00:40:38.608Z] Nov 13, 2025 7:40:38 PM io.gapi.emulators.netty.HttpVersionRoutingHandler channelRead
INFO: Detected non-HTTP/2 connection.
 {"metadata":{"emulator":{"name":"firestore"},"message":"Nov 13, 2025 7:40:38 PM io.gapi.emulators.netty.HttpVersionRoutingHandler channelRead\nINFO: Detected non-HTTP/2 connection.\n"}}
[debug] [2025-11-14T00:40:38.608Z] Nov 13, 2025 7:40:38 PM io.gapi.emulators.netty.HttpVersionRoutingHandler channelRead
INFO: Detected non-HTTP/2 connection.
 {"metadata":{"emulator":{"name":"firestore"},"message":"Nov 13, 2025 7:40:38 PM io.gapi.emulators.netty.HttpVersionRoutingHandler channelRead\nINFO: Detected non-HTTP/2 connection.\n"}}
[debug] [2025-11-14T00:40:38.615Z] Nov 13, 2025 7:40:38 PM com.google.cloud.datastore.emulator.firestore.webchannel.FirestoreV1WebChannelAdapter$FirestoreListenHandler onClose
INFO: channel closed
 {"metadata":{"emulator":{"name":"firestore"},"message":"Nov 13, 2025 7:40:38 PM com.google.cloud.datastore.emulator.firestore.webchannel.FirestoreV1WebChannelAdapter$FirestoreListenHandler onClose\nINFO: channel closed\n"}}
[debug] [2025-11-14T00:40:38.616Z] Nov 13, 2025 7:40:38 PM com.google.cloud.datastore.emulator.firestore.webchannel.FirestoreV1WebChannelAdapter$FirestoreWriteHandler onClose
INFO: channel closed
 {"metadata":{"emulator":{"name":"firestore"},"message":"Nov 13, 2025 7:40:38 PM com.google.cloud.datastore.emulator.firestore.webchannel.FirestoreV1WebChannelAdapter$FirestoreWriteHandler onClose\nINFO: channel closed\n"}}
[debug] [2025-11-14T00:50:31.227Z] Nov 13, 2025 7:50:31 PM io.gapi.emulators.netty.HttpVersionRoutingHandler channelRead
INFO: Detected non-HTTP/2 connection.
 {"metadata":{"emulator":{"name":"firestore"},"message":"Nov 13, 2025 7:50:31 PM io.gapi.emulators.netty.HttpVersionRoutingHandler channelRead\nINFO: Detected non-HTTP/2 connection.\n"}}
[debug] [2025-11-14T00:50:31.237Z] Multiple projectIds are not recommended in single project mode. Requested project ID medlearn-dev, but the emulator is configured for demo-no-project. To opt-out of single project mode add/set the '"singleProjectMode": false' property in the firebase.json emulators config.
 {"metadata":{"emulator":{"name":"firestore"},"message":"Multiple projectIds are not recommended in single project mode. Requested project ID medlearn-dev, but the emulator is configured for demo-no-project. To opt-out of single project mode add/set the '\"singleProjectMode\": false' property in the firebase.json emulators config.\n"}}
[debug] [2025-11-14T00:50:31.261Z] Nov 13, 2025 7:50:31 PM io.gapi.emulators.netty.HttpVersionRoutingHandler channelRead
INFO: Detected non-HTTP/2 connection.
 {"metadata":{"emulator":{"name":"firestore"},"message":"Nov 13, 2025 7:50:31 PM io.gapi.emulators.netty.HttpVersionRoutingHandler channelRead\nINFO: Detected non-HTTP/2 connection.\n"}}
[debug] [2025-11-14T00:50:31.271Z] Nov 13, 2025 7:50:31 PM io.gapi.emulators.netty.HttpVersionRoutingHandler channelRead
INFO: Detected non-HTTP/2 connection.
 {"metadata":{"emulator":{"name":"firestore"},"message":"Nov 13, 2025 7:50:31 PM io.gapi.emulators.netty.HttpVersionRoutingHandler channelRead\nINFO: Detected non-HTTP/2 connection.\n"}}
[debug] [2025-11-14T00:50:31.271Z] Nov 13, 2025 7:50:31 PM io.gapi.emulators.netty.HttpVersionRoutingHandler channelRead
INFO: Detected non-HTTP/2 connection.
 {"metadata":{"emulator":{"name":"firestore"},"message":"Nov 13, 2025 7:50:31 PM io.gapi.emulators.netty.HttpVersionRoutingHandler channelRead\nINFO: Detected non-HTTP/2 connection.\n"}}
[debug] [2025-11-14T00:50:31.279Z] Multiple projectIds are not recommended in single project mode. Requested project ID medlearn-dev, but the emulator is configured for demo-no-project. To opt-out of single project mode add/set the '"singleProjectMode": false' property in the firebase.json emulators config.
 {"metadata":{"emulator":{"name":"firestore"},"message":"Multiple projectIds are not recommended in single project mode. Requested project ID medlearn-dev, but the emulator is configured for demo-no-project. To opt-out of single project mode add/set the '\"singleProjectMode\": false' property in the firebase.json emulators config.\n"}}
[debug] [2025-11-14T00:50:31.283Z] Nov 13, 2025 7:50:31 PM io.gapi.emulators.netty.HttpVersionRoutingHandler channelRead
INFO: Detected non-HTTP/2 connection.
 {"metadata":{"emulator":{"name":"firestore"},"message":"Nov 13, 2025 7:50:31 PM io.gapi.emulators.netty.HttpVersionRoutingHandler channelRead\nINFO: Detected non-HTTP/2 connection.\n"}}
[debug] [2025-11-14T00:50:31.287Z] Nov 13, 2025 7:50:31 PM io.gapi.emulators.netty.HttpVersionRoutingHandler channelRead
INFO: Detected non-HTTP/2 connection.
 {"metadata":{"emulator":{"name":"firestore"},"message":"Nov 13, 2025 7:50:31 PM io.gapi.emulators.netty.HttpVersionRoutingHandler channelRead\nINFO: Detected non-HTTP/2 connection.\n"}}
[debug] [2025-11-14T00:51:31.274Z] Nov 13, 2025 7:51:31 PM io.gapi.emulators.netty.HttpVersionRoutingHandler channelRead
INFO: Detected non-HTTP/2 connection.
 {"metadata":{"emulator":{"name":"firestore"},"message":"Nov 13, 2025 7:51:31 PM io.gapi.emulators.netty.HttpVersionRoutingHandler channelRead\nINFO: Detected non-HTTP/2 connection.\n"}}
[debug] [2025-11-14T00:51:31.278Z] Nov 13, 2025 7:51:31 PM com.google.cloud.datastore.emulator.firestore.webchannel.FirestoreV1WebChannelAdapter$FirestoreListenHandler onClose
INFO: channel closed
 {"metadata":{"emulator":{"name":"firestore"},"message":"Nov 13, 2025 7:51:31 PM com.google.cloud.datastore.emulator.firestore.webchannel.FirestoreV1WebChannelAdapter$FirestoreListenHandler onClose\nINFO: channel closed\n"}}
[debug] [2025-11-14T00:51:31.304Z] Nov 13, 2025 7:51:31 PM io.gapi.emulators.netty.HttpVersionRoutingHandler channelRead
INFO: Detected non-HTTP/2 connection.
 {"metadata":{"emulator":{"name":"firestore"},"message":"Nov 13, 2025 7:51:31 PM io.gapi.emulators.netty.HttpVersionRoutingHandler channelRead\nINFO: Detected non-HTTP/2 connection.\n"}}
[debug] [2025-11-14T00:51:31.308Z] Nov 13, 2025 7:51:31 PM com.google.cloud.datastore.emulator.firestore.webchannel.FirestoreV1WebChannelAdapter$FirestoreWriteHandler onClose
INFO: channel closed
 {"metadata":{"emulator":{"name":"firestore"},"message":"Nov 13, 2025 7:51:31 PM com.google.cloud.datastore.emulator.firestore.webchannel.FirestoreV1WebChannelAdapter$FirestoreWriteHandler onClose\nINFO: channel closed\n"}}
[debug] [2025-11-14T00:53:31.711Z] Nov 13, 2025 7:53:31 PM io.gapi.emulators.netty.HttpVersionRoutingHandler channelRead
INFO: Detected non-HTTP/2 connection.
 {"metadata":{"emulator":{"name":"firestore"},"message":"Nov 13, 2025 7:53:31 PM io.gapi.emulators.netty.HttpVersionRoutingHandler channelRead\nINFO: Detected non-HTTP/2 connection.\n"}}
[debug] [2025-11-14T00:53:31.714Z] Multiple projectIds are not recommended in single project mode. Requested project ID medlearn-dev, but the emulator is configured for demo-no-project. To opt-out of single project mode add/set the '"singleProjectMode": false' property in the firebase.json emulators config.
 {"metadata":{"emulator":{"name":"firestore"},"message":"Multiple projectIds are not recommended in single project mode. Requested project ID medlearn-dev, but the emulator is configured for demo-no-project. To opt-out of single project mode add/set the '\"singleProjectMode\": false' property in the firebase.json emulators config.\n"}}
[debug] [2025-11-14T00:53:31.729Z] Nov 13, 2025 7:53:31 PM io.gapi.emulators.netty.HttpVersionRoutingHandler channelRead
INFO: Detected non-HTTP/2 connection.
 {"metadata":{"emulator":{"name":"firestore"},"message":"Nov 13, 2025 7:53:31 PM io.gapi.emulators.netty.HttpVersionRoutingHandler channelRead\nINFO: Detected non-HTTP/2 connection.\n"}}
[debug] [2025-11-14T00:53:31.736Z] Nov 13, 2025 7:53:31 PM io.gapi.emulators.netty.HttpVersionRoutingHandler channelRead
INFO: Detected non-HTTP/2 connection.
 {"metadata":{"emulator":{"name":"firestore"},"message":"Nov 13, 2025 7:53:31 PM io.gapi.emulators.netty.HttpVersionRoutingHandler channelRead\nINFO: Detected non-HTTP/2 connection.\n"}}
[debug] [2025-11-14T00:53:31.737Z] Nov 13, 2025 7:53:31 PM io.gapi.emulators.netty.HttpVersionRoutingHandler channelRead
INFO: Detected non-HTTP/2 connection.
 {"metadata":{"emulator":{"name":"firestore"},"message":"Nov 13, 2025 7:53:31 PM io.gapi.emulators.netty.HttpVersionRoutingHandler channelRead\nINFO: Detected non-HTTP/2 connection.\n"}}
[debug] [2025-11-14T00:53:31.739Z] Multiple projectIds are not recommended in single project mode. Requested project ID medlearn-dev, but the emulator is configured for demo-no-project. To opt-out of single project mode add/set the '"singleProjectMode": false' property in the firebase.json emulators config.
 {"metadata":{"emulator":{"name":"firestore"},"message":"Multiple projectIds are not recommended in single project mode. Requested project ID medlearn-dev, but the emulator is configured for demo-no-project. To opt-out of single project mode add/set the '\"singleProjectMode\": false' property in the firebase.json emulators config.\n"}}
[debug] [2025-11-14T00:53:31.743Z] Nov 13, 2025 7:53:31 PM io.gapi.emulators.netty.HttpVersionRoutingHandler channelRead
INFO: Detected non-HTTP/2 connection.
 {"metadata":{"emulator":{"name":"firestore"},"message":"Nov 13, 2025 7:53:31 PM io.gapi.emulators.netty.HttpVersionRoutingHandler channelRead\nINFO: Detected non-HTTP/2 connection.\n"}}
[debug] [2025-11-14T00:53:31.749Z] Nov 13, 2025 7:53:31 PM io.gapi.emulators.netty.HttpVersionRoutingHandler channelRead
INFO: Detected non-HTTP/2 connection.
 {"metadata":{"emulator":{"name":"firestore"},"message":"Nov 13, 2025 7:53:31 PM io.gapi.emulators.netty.HttpVersionRoutingHandler channelRead\nINFO: Detected non-HTTP/2 connection.\n"}}
[debug] [2025-11-14T00:54:31.740Z] Nov 13, 2025 7:54:31 PM io.gapi.emulators.netty.HttpVersionRoutingHandler channelRead
INFO: Detected non-HTTP/2 connection.
 {"metadata":{"emulator":{"name":"firestore"},"message":"Nov 13, 2025 7:54:31 PM io.gapi.emulators.netty.HttpVersionRoutingHandler channelRead\nINFO: Detected non-HTTP/2 connection.\n"}}
[debug] [2025-11-14T00:54:31.747Z] Nov 13, 2025 7:54:31 PM com.google.cloud.datastore.emulator.firestore.webchannel.FirestoreV1WebChannelAdapter$FirestoreListenHandler onClose
INFO: channel closed
 {"metadata":{"emulator":{"name":"firestore"},"message":"Nov 13, 2025 7:54:31 PM com.google.cloud.datastore.emulator.firestore.webchannel.FirestoreV1WebChannelAdapter$FirestoreListenHandler onClose\nINFO: channel closed\n"}}
[debug] [2025-11-14T00:54:31.767Z] Nov 13, 2025 7:54:31 PM io.gapi.emulators.netty.HttpVersionRoutingHandler channelRead
INFO: Detected non-HTTP/2 connection.
 {"metadata":{"emulator":{"name":"firestore"},"message":"Nov 13, 2025 7:54:31 PM io.gapi.emulators.netty.HttpVersionRoutingHandler channelRead\nINFO: Detected non-HTTP/2 connection.\n"}}
[debug] [2025-11-14T00:54:31.769Z] Nov 13, 2025 7:54:31 PM com.google.cloud.datastore.emulator.firestore.webchannel.FirestoreV1WebChannelAdapter$FirestoreWriteHandler onClose
INFO: channel closed
 {"metadata":{"emulator":{"name":"firestore"},"message":"Nov 13, 2025 7:54:31 PM com.google.cloud.datastore.emulator.firestore.webchannel.FirestoreV1WebChannelAdapter$FirestoreWriteHandler onClose\nINFO: channel closed\n"}}
[debug] [2025-11-14T00:55:27.128Z] Nov 13, 2025 7:55:27 PM io.gapi.emulators.netty.HttpVersionRoutingHandler channelRead
INFO: Detected non-HTTP/2 connection.
 {"metadata":{"emulator":{"name":"firestore"},"message":"Nov 13, 2025 7:55:27 PM io.gapi.emulators.netty.HttpVersionRoutingHandler channelRead\nINFO: Detected non-HTTP/2 connection.\n"}}
[debug] [2025-11-14T00:55:27.134Z] Multiple projectIds are not recommended in single project mode. Requested project ID medlearn-dev, but the emulator is configured for demo-no-project. To opt-out of single project mode add/set the '"singleProjectMode": false' property in the firebase.json emulators config.
 {"metadata":{"emulator":{"name":"firestore"},"message":"Multiple projectIds are not recommended in single project mode. Requested project ID medlearn-dev, but the emulator is configured for demo-no-project. To opt-out of single project mode add/set the '\"singleProjectMode\": false' property in the firebase.json emulators config.\n"}}
[debug] [2025-11-14T00:55:27.147Z] Nov 13, 2025 7:55:27 PM io.gapi.emulators.netty.HttpVersionRoutingHandler channelRead
INFO: Detected non-HTTP/2 connection.
 {"metadata":{"emulator":{"name":"firestore"},"message":"Nov 13, 2025 7:55:27 PM io.gapi.emulators.netty.HttpVersionRoutingHandler channelRead\nINFO: Detected non-HTTP/2 connection.\n"}}
[debug] [2025-11-14T00:55:27.153Z] Nov 13, 2025 7:55:27 PM io.gapi.emulators.netty.HttpVersionRoutingHandler channelRead
INFO: Detected non-HTTP/2 connection.
 {"metadata":{"emulator":{"name":"firestore"},"message":"Nov 13, 2025 7:55:27 PM io.gapi.emulators.netty.HttpVersionRoutingHandler channelRead\nINFO: Detected non-HTTP/2 connection.\n"}}
[debug] [2025-11-14T00:55:27.153Z] Nov 13, 2025 7:55:27 PM io.gapi.emulators.netty.HttpVersionRoutingHandler channelRead
INFO: Detected non-HTTP/2 connection.
 {"metadata":{"emulator":{"name":"firestore"},"message":"Nov 13, 2025 7:55:27 PM io.gapi.emulators.netty.HttpVersionRoutingHandler channelRead\nINFO: Detected non-HTTP/2 connection.\n"}}
[debug] [2025-11-14T00:55:27.156Z] Multiple projectIds are not recommended in single project mode. Requested project ID medlearn-dev, but the emulator is configured for demo-no-project. To opt-out of single project mode add/set the '"singleProjectMode": false' property in the firebase.json emulators config.
 {"metadata":{"emulator":{"name":"firestore"},"message":"Multiple projectIds are not recommended in single project mode. Requested project ID medlearn-dev, but the emulator is configured for demo-no-project. To opt-out of single project mode add/set the '\"singleProjectMode\": false' property in the firebase.json emulators config.\n"}}
[debug] [2025-11-14T00:55:27.159Z] Nov 13, 2025 7:55:27 PM io.gapi.emulators.netty.HttpVersionRoutingHandler channelRead
INFO: Detected non-HTTP/2 connection.
 {"metadata":{"emulator":{"name":"firestore"},"message":"Nov 13, 2025 7:55:27 PM io.gapi.emulators.netty.HttpVersionRoutingHandler channelRead\nINFO: Detected non-HTTP/2 connection.\n"}}
[debug] [2025-11-14T00:55:27.163Z] Nov 13, 2025 7:55:27 PM io.gapi.emulators.netty.HttpVersionRoutingHandler channelRead
INFO: Detected non-HTTP/2 connection.
 {"metadata":{"emulator":{"name":"firestore"},"message":"Nov 13, 2025 7:55:27 PM io.gapi.emulators.netty.HttpVersionRoutingHandler channelRead\nINFO: Detected non-HTTP/2 connection.\n"}}
[debug] [2025-11-14T00:56:12.168Z] Nov 13, 2025 7:56:12 PM io.gapi.emulators.netty.HttpVersionRoutingHandler channelRead
INFO: Detected non-HTTP/2 connection.
 {"metadata":{"emulator":{"name":"firestore"},"message":"Nov 13, 2025 7:56:12 PM io.gapi.emulators.netty.HttpVersionRoutingHandler channelRead\nINFO: Detected non-HTTP/2 connection.\n"}}
[debug] [2025-11-14T00:56:25.840Z] Nov 13, 2025 7:56:25 PM io.gapi.emulators.netty.HttpVersionRoutingHandler channelRead
INFO: Detected non-HTTP/2 connection.
 {"metadata":{"emulator":{"name":"firestore"},"message":"Nov 13, 2025 7:56:25 PM io.gapi.emulators.netty.HttpVersionRoutingHandler channelRead\nINFO: Detected non-HTTP/2 connection.\n"}}
[debug] [2025-11-14T00:56:25.840Z] Nov 13, 2025 7:56:25 PM io.gapi.emulators.netty.HttpVersionRoutingHandler channelRead
INFO: Detected non-HTTP/2 connection.
 {"metadata":{"emulator":{"name":"firestore"},"message":"Nov 13, 2025 7:56:25 PM io.gapi.emulators.netty.HttpVersionRoutingHandler channelRead\nINFO: Detected non-HTTP/2 connection.\n"}}
[debug] [2025-11-14T00:56:25.848Z] Nov 13, 2025 7:56:25 PM com.google.cloud.datastore.emulator.firestore.webchannel.FirestoreV1WebChannelAdapter$FirestoreListenHandler onClose
INFO: channel closed
 {"metadata":{"emulator":{"name":"firestore"},"message":"Nov 13, 2025 7:56:25 PM com.google.cloud.datastore.emulator.firestore.webchannel.FirestoreV1WebChannelAdapter$FirestoreListenHandler onClose\nINFO: channel closed\n"}}
[debug] [2025-11-14T00:56:25.852Z] Nov 13, 2025 7:56:25 PM com.google.cloud.datastore.emulator.firestore.webchannel.FirestoreV1WebChannelAdapter$FirestoreWriteHandler onClose
INFO: channel closed
 {"metadata":{"emulator":{"name":"firestore"},"message":"Nov 13, 2025 7:56:25 PM com.google.cloud.datastore.emulator.firestore.webchannel.FirestoreV1WebChannelAdapter$FirestoreWriteHandler onClose\nINFO: channel closed\n"}}
[debug] [2025-11-14T01:02:26.588Z] Nov 13, 2025 8:02:26 PM io.gapi.emulators.netty.HttpVersionRoutingHandler channelRead
INFO: Detected non-HTTP/2 connection.
 {"metadata":{"emulator":{"name":"firestore"},"message":"Nov 13, 2025 8:02:26 PM io.gapi.emulators.netty.HttpVersionRoutingHandler channelRead\nINFO: Detected non-HTTP/2 connection.\n"}}
[debug] [2025-11-14T01:02:26.596Z] Multiple projectIds are not recommended in single project mode. Requested project ID medlearn-dev, but the emulator is configured for demo-no-project. To opt-out of single project mode add/set the '"singleProjectMode": false' property in the firebase.json emulators config.
 {"metadata":{"emulator":{"name":"firestore"},"message":"Multiple projectIds are not recommended in single project mode. Requested project ID medlearn-dev, but the emulator is configured for demo-no-project. To opt-out of single project mode add/set the '\"singleProjectMode\": false' property in the firebase.json emulators config.\n"}}
[debug] [2025-11-14T01:02:26.610Z] Nov 13, 2025 8:02:26 PM io.gapi.emulators.netty.HttpVersionRoutingHandler channelRead
INFO: Detected non-HTTP/2 connection.
 {"metadata":{"emulator":{"name":"firestore"},"message":"Nov 13, 2025 8:02:26 PM io.gapi.emulators.netty.HttpVersionRoutingHandler channelRead\nINFO: Detected non-HTTP/2 connection.\n"}}
[debug] [2025-11-14T01:02:26.617Z] Nov 13, 2025 8:02:26 PM io.gapi.emulators.netty.HttpVersionRoutingHandler channelRead
INFO: Detected non-HTTP/2 connection.
 {"metadata":{"emulator":{"name":"firestore"},"message":"Nov 13, 2025 8:02:26 PM io.gapi.emulators.netty.HttpVersionRoutingHandler channelRead\nINFO: Detected non-HTTP/2 connection.\n"}}
[debug] [2025-11-14T01:02:26.617Z] Nov 13, 2025 8:02:26 PM io.gapi.emulators.netty.HttpVersionRoutingHandler channelRead
INFO: Detected non-HTTP/2 connection.
 {"metadata":{"emulator":{"name":"firestore"},"message":"Nov 13, 2025 8:02:26 PM io.gapi.emulators.netty.HttpVersionRoutingHandler channelRead\nINFO: Detected non-HTTP/2 connection.\n"}}
[debug] [2025-11-14T01:02:26.620Z] Multiple projectIds are not recommended in single project mode. Requested project ID medlearn-dev, but the emulator is configured for demo-no-project. To opt-out of single project mode add/set the '"singleProjectMode": false' property in the firebase.json emulators config.
 {"metadata":{"emulator":{"name":"firestore"},"message":"Multiple projectIds are not recommended in single project mode. Requested project ID medlearn-dev, but the emulator is configured for demo-no-project. To opt-out of single project mode add/set the '\"singleProjectMode\": false' property in the firebase.json emulators config.\n"}}
[debug] [2025-11-14T01:02:26.623Z] Nov 13, 2025 8:02:26 PM io.gapi.emulators.netty.HttpVersionRoutingHandler channelRead
INFO: Detected non-HTTP/2 connection.
 {"metadata":{"emulator":{"name":"firestore"},"message":"Nov 13, 2025 8:02:26 PM io.gapi.emulators.netty.HttpVersionRoutingHandler channelRead\nINFO: Detected non-HTTP/2 connection.\n"}}
[debug] [2025-11-14T01:02:26.627Z] Nov 13, 2025 8:02:26 PM io.gapi.emulators.netty.HttpVersionRoutingHandler channelRead
INFO: Detected non-HTTP/2 connection.
 {"metadata":{"emulator":{"name":"firestore"},"message":"Nov 13, 2025 8:02:26 PM io.gapi.emulators.netty.HttpVersionRoutingHandler channelRead\nINFO: Detected non-HTTP/2 connection.\n"}}
[debug] [2025-11-14T01:03:11.649Z] Nov 13, 2025 8:03:11 PM io.gapi.emulators.netty.HttpVersionRoutingHandler channelRead
INFO: Detected non-HTTP/2 connection.
 {"metadata":{"emulator":{"name":"firestore"},"message":"Nov 13, 2025 8:03:11 PM io.gapi.emulators.netty.HttpVersionRoutingHandler channelRead\nINFO: Detected non-HTTP/2 connection.\n"}}
[debug] [2025-11-14T01:03:26.618Z] Nov 13, 2025 8:03:26 PM io.gapi.emulators.netty.HttpVersionRoutingHandler channelRead
INFO: Detected non-HTTP/2 connection.
 {"metadata":{"emulator":{"name":"firestore"},"message":"Nov 13, 2025 8:03:26 PM io.gapi.emulators.netty.HttpVersionRoutingHandler channelRead\nINFO: Detected non-HTTP/2 connection.\n"}}
[debug] [2025-11-14T01:03:26.623Z] Nov 13, 2025 8:03:26 PM com.google.cloud.datastore.emulator.firestore.webchannel.FirestoreV1WebChannelAdapter$FirestoreListenHandler onClose
INFO: channel closed
 {"metadata":{"emulator":{"name":"firestore"},"message":"Nov 13, 2025 8:03:26 PM com.google.cloud.datastore.emulator.firestore.webchannel.FirestoreV1WebChannelAdapter$FirestoreListenHandler onClose\nINFO: channel closed\n"}}
[debug] [2025-11-14T01:03:26.647Z] Nov 13, 2025 8:03:26 PM io.gapi.emulators.netty.HttpVersionRoutingHandler channelRead
INFO: Detected non-HTTP/2 connection.
 {"metadata":{"emulator":{"name":"firestore"},"message":"Nov 13, 2025 8:03:26 PM io.gapi.emulators.netty.HttpVersionRoutingHandler channelRead\nINFO: Detected non-HTTP/2 connection.\n"}}
[debug] [2025-11-14T01:03:26.650Z] Nov 13, 2025 8:03:26 PM com.google.cloud.datastore.emulator.firestore.webchannel.FirestoreV1WebChannelAdapter$FirestoreWriteHandler onClose
INFO: channel closed
 {"metadata":{"emulator":{"name":"firestore"},"message":"Nov 13, 2025 8:03:26 PM com.google.cloud.datastore.emulator.firestore.webchannel.FirestoreV1WebChannelAdapter$FirestoreWriteHandler onClose\nINFO: channel closed\n"}}
[debug] [2025-11-14T01:04:43.440Z] Nov 13, 2025 8:04:43 PM io.gapi.emulators.netty.HttpVersionRoutingHandler channelRead
INFO: Detected non-HTTP/2 connection.
 {"metadata":{"emulator":{"name":"firestore"},"message":"Nov 13, 2025 8:04:43 PM io.gapi.emulators.netty.HttpVersionRoutingHandler channelRead\nINFO: Detected non-HTTP/2 connection.\n"}}
[debug] [2025-11-14T01:04:43.446Z] Multiple projectIds are not recommended in single project mode. Requested project ID medlearn-dev, but the emulator is configured for demo-no-project. To opt-out of single project mode add/set the '"singleProjectMode": false' property in the firebase.json emulators config.
 {"metadata":{"emulator":{"name":"firestore"},"message":"Multiple projectIds are not recommended in single project mode. Requested project ID medlearn-dev, but the emulator is configured for demo-no-project. To opt-out of single project mode add/set the '\"singleProjectMode\": false' property in the firebase.json emulators config.\n"}}
[debug] [2025-11-14T01:04:43.460Z] Nov 13, 2025 8:04:43 PM io.gapi.emulators.netty.HttpVersionRoutingHandler channelRead
INFO: Detected non-HTTP/2 connection.
 {"metadata":{"emulator":{"name":"firestore"},"message":"Nov 13, 2025 8:04:43 PM io.gapi.emulators.netty.HttpVersionRoutingHandler channelRead\nINFO: Detected non-HTTP/2 connection.\n"}}
[debug] [2025-11-14T01:04:43.467Z] Nov 13, 2025 8:04:43 PM io.gapi.emulators.netty.HttpVersionRoutingHandler channelRead
INFO: Detected non-HTTP/2 connection.
 {"metadata":{"emulator":{"name":"firestore"},"message":"Nov 13, 2025 8:04:43 PM io.gapi.emulators.netty.HttpVersionRoutingHandler channelRead\nINFO: Detected non-HTTP/2 connection.\n"}}
[debug] [2025-11-14T01:04:43.467Z] Nov 13, 2025 8:04:43 PM io.gapi.emulators.netty.HttpVersionRoutingHandler channelRead
INFO: Detected non-HTTP/2 connection.
 {"metadata":{"emulator":{"name":"firestore"},"message":"Nov 13, 2025 8:04:43 PM io.gapi.emulators.netty.HttpVersionRoutingHandler channelRead\nINFO: Detected non-HTTP/2 connection.\n"}}
[debug] [2025-11-14T01:04:43.469Z] Multiple projectIds are not recommended in single project mode. Requested project ID medlearn-dev, but the emulator is configured for demo-no-project. To opt-out of single project mode add/set the '"singleProjectMode": false' property in the firebase.json emulators config.
 {"metadata":{"emulator":{"name":"firestore"},"message":"Multiple projectIds are not recommended in single project mode. Requested project ID medlearn-dev, but the emulator is configured for demo-no-project. To opt-out of single project mode add/set the '\"singleProjectMode\": false' property in the firebase.json emulators config.\n"}}
[debug] [2025-11-14T01:04:43.472Z] Nov 13, 2025 8:04:43 PM io.gapi.emulators.netty.HttpVersionRoutingHandler channelRead
INFO: Detected non-HTTP/2 connection.
 {"metadata":{"emulator":{"name":"firestore"},"message":"Nov 13, 2025 8:04:43 PM io.gapi.emulators.netty.HttpVersionRoutingHandler channelRead\nINFO: Detected non-HTTP/2 connection.\n"}}
[debug] [2025-11-14T01:04:43.476Z] Nov 13, 2025 8:04:43 PM io.gapi.emulators.netty.HttpVersionRoutingHandler channelRead
INFO: Detected non-HTTP/2 connection.
 {"metadata":{"emulator":{"name":"firestore"},"message":"Nov 13, 2025 8:04:43 PM io.gapi.emulators.netty.HttpVersionRoutingHandler channelRead\nINFO: Detected non-HTTP/2 connection.\n"}}
[debug] [2025-11-14T01:07:17.695Z] Nov 13, 2025 8:07:17 PM io.gapi.emulators.netty.HttpVersionRoutingHandler channelRead
INFO: Detected non-HTTP/2 connection.
 {"metadata":{"emulator":{"name":"firestore"},"message":"Nov 13, 2025 8:07:17 PM io.gapi.emulators.netty.HttpVersionRoutingHandler channelRead\nINFO: Detected non-HTTP/2 connection.\n"}}
[debug] [2025-11-14T01:07:17.703Z] Multiple projectIds are not recommended in single project mode. Requested project ID medlearn-dev, but the emulator is configured for demo-no-project. To opt-out of single project mode add/set the '"singleProjectMode": false' property in the firebase.json emulators config.
 {"metadata":{"emulator":{"name":"firestore"},"message":"Multiple projectIds are not recommended in single project mode. Requested project ID medlearn-dev, but the emulator is configured for demo-no-project. To opt-out of single project mode add/set the '\"singleProjectMode\": false' property in the firebase.json emulators config.\n"}}
[debug] [2025-11-14T01:07:17.715Z] Nov 13, 2025 8:07:17 PM io.gapi.emulators.netty.HttpVersionRoutingHandler channelRead
INFO: Detected non-HTTP/2 connection.
 {"metadata":{"emulator":{"name":"firestore"},"message":"Nov 13, 2025 8:07:17 PM io.gapi.emulators.netty.HttpVersionRoutingHandler channelRead\nINFO: Detected non-HTTP/2 connection.\n"}}
[debug] [2025-11-14T01:07:17.720Z] Nov 13, 2025 8:07:17 PM io.gapi.emulators.netty.HttpVersionRoutingHandler channelRead
INFO: Detected non-HTTP/2 connection.
 {"metadata":{"emulator":{"name":"firestore"},"message":"Nov 13, 2025 8:07:17 PM io.gapi.emulators.netty.HttpVersionRoutingHandler channelRead\nINFO: Detected non-HTTP/2 connection.\n"}}
[debug] [2025-11-14T01:07:17.720Z] Nov 13, 2025 8:07:17 PM io.gapi.emulators.netty.HttpVersionRoutingHandler channelRead
INFO: Detected non-HTTP/2 connection.
 {"metadata":{"emulator":{"name":"firestore"},"message":"Nov 13, 2025 8:07:17 PM io.gapi.emulators.netty.HttpVersionRoutingHandler channelRead\nINFO: Detected non-HTTP/2 connection.\n"}}
[debug] [2025-11-14T01:07:17.722Z] Multiple projectIds are not recommended in single project mode. Requested project ID medlearn-dev, but the emulator is configured for demo-no-project. To opt-out of single project mode add/set the '"singleProjectMode": false' property in the firebase.json emulators config.
 {"metadata":{"emulator":{"name":"firestore"},"message":"Multiple projectIds are not recommended in single project mode. Requested project ID medlearn-dev, but the emulator is configured for demo-no-project. To opt-out of single project mode add/set the '\"singleProjectMode\": false' property in the firebase.json emulators config.\n"}}
[debug] [2025-11-14T01:07:17.727Z] Nov 13, 2025 8:07:17 PM io.gapi.emulators.netty.HttpVersionRoutingHandler channelRead
INFO: Detected non-HTTP/2 connection.
 {"metadata":{"emulator":{"name":"firestore"},"message":"Nov 13, 2025 8:07:17 PM io.gapi.emulators.netty.HttpVersionRoutingHandler channelRead\nINFO: Detected non-HTTP/2 connection.\n"}}
[debug] [2025-11-14T01:07:17.731Z] Nov 13, 2025 8:07:17 PM io.gapi.emulators.netty.HttpVersionRoutingHandler channelRead
INFO: Detected non-HTTP/2 connection.
 {"metadata":{"emulator":{"name":"firestore"},"message":"Nov 13, 2025 8:07:17 PM io.gapi.emulators.netty.HttpVersionRoutingHandler channelRead\nINFO: Detected non-HTTP/2 connection.\n"}}
[debug] [2025-11-14T01:08:02.730Z] Nov 13, 2025 8:08:02 PM io.gapi.emulators.netty.HttpVersionRoutingHandler channelRead
INFO: Detected non-HTTP/2 connection.
 {"metadata":{"emulator":{"name":"firestore"},"message":"Nov 13, 2025 8:08:02 PM io.gapi.emulators.netty.HttpVersionRoutingHandler channelRead\nINFO: Detected non-HTTP/2 connection.\n"}}
[debug] [2025-11-14T01:08:17.722Z] Nov 13, 2025 8:08:17 PM io.gapi.emulators.netty.HttpVersionRoutingHandler channelRead
INFO: Detected non-HTTP/2 connection.
 {"metadata":{"emulator":{"name":"firestore"},"message":"Nov 13, 2025 8:08:17 PM io.gapi.emulators.netty.HttpVersionRoutingHandler channelRead\nINFO: Detected non-HTTP/2 connection.\n"}}
[debug] [2025-11-14T01:08:17.726Z] Nov 13, 2025 8:08:17 PM com.google.cloud.datastore.emulator.firestore.webchannel.FirestoreV1WebChannelAdapter$FirestoreListenHandler onClose
INFO: channel closed
 {"metadata":{"emulator":{"name":"firestore"},"message":"Nov 13, 2025 8:08:17 PM com.google.cloud.datastore.emulator.firestore.webchannel.FirestoreV1WebChannelAdapter$FirestoreListenHandler onClose\nINFO: channel closed\n"}}
[debug] [2025-11-14T01:08:17.743Z] Nov 13, 2025 8:08:17 PM io.gapi.emulators.netty.HttpVersionRoutingHandler channelRead
INFO: Detected non-HTTP/2 connection.
 {"metadata":{"emulator":{"name":"firestore"},"message":"Nov 13, 2025 8:08:17 PM io.gapi.emulators.netty.HttpVersionRoutingHandler channelRead\nINFO: Detected non-HTTP/2 connection.\n"}}
[debug] [2025-11-14T01:08:17.747Z] Nov 13, 2025 8:08:17 PM com.google.cloud.datastore.emulator.firestore.webchannel.FirestoreV1WebChannelAdapter$FirestoreWriteHandler onClose
INFO: channel closed
 {"metadata":{"emulator":{"name":"firestore"},"message":"Nov 13, 2025 8:08:17 PM com.google.cloud.datastore.emulator.firestore.webchannel.FirestoreV1WebChannelAdapter$FirestoreWriteHandler onClose\nINFO: channel closed\n"}}
